commit eb726afb7e2ebecd66df51ac3be33fa927f1b79c
Author: Jerry Han <jayh511ster@gmail.com>
Date:   Wed Oct 24 20:20:32 2018 -0500

    remove report

 report.docx | Bin 13727 -> 0 bytes
 1 file changed, 0 insertions(+), 0 deletions(-)

commit b66d433b4d7fbcaeec4c366ffbd0bf0faffadd8e
Author: tuckerar <tuckera@cs.utexas.edu>
Date:   Wed Oct 24 19:32:55 2018 -0500

    fixed broken links in hoyer.html and players.html

 templates/hoyer.html   | 2 +-
 templates/players.html | 2 +-
 2 files changed, 2 insertions(+), 2 deletions(-)

commit 128458cbe720a5a1dd876759cb4d30a1ab5a5292
Author: Jerry Han <jayh511ster@gmail.com>
Date:   Wed Oct 24 17:41:38 2018 -0500

    changes

 templates/game1.html    |   2 +-
 templates/game2.html    |   2 +-
 templates/game3.html    |   2 +-
 templates/patriots.html |   2 +-
 templates/teams.html    | 386 ------------------------------------------------
 5 files changed, 4 insertions(+), 390 deletions(-)

commit a06a03d76669ac40933972e08b6d2cc6a80d356e
Merge: 95cda42 6c6c492
Author: Jerry Han <jayh511ster@gmail.com>
Date:   Wed Oct 24 16:48:58 2018 -0500

    adding sports image

commit 95cda420102e102b00b3949288060ecf3732b977
Merge: cd74593 8c89443
Author: Jerry Han <jayh511ster@gmail.com>
Date:   Wed Oct 24 16:45:39 2018 -0500

    adding images

commit 8c894432b339c988f5f8715259bdf882e70f1be9
Author: Jerry Han <jayh511ster@gmail.com>
Date:   Wed Oct 24 16:41:07 2018 -0500

    changes

 templates/game1.html | 4 ++--
 templates/game2.html | 4 ++--
 templates/game3.html | 4 ++--
 templates/weeks.html | 2 +-
 4 files changed, 7 insertions(+), 7 deletions(-)

commit 3e47229a87fb29d4db07926ca720daa69380d05c
Author: tuckerar <tuckera@cs.utexas.edu>
Date:   Wed Oct 24 15:34:45 2018 -0500

    link about, teams, and weeks to home page

 templates/about.html |  4 ++--
 templates/teams.html | 14 +++++++-------
 templates/weeks.html |  2 +-
 3 files changed, 10 insertions(+), 10 deletions(-)

commit 11d751d5899bcfe158a5fd5672225093d463be73
Author: tuckerar <tuckera@cs.utexas.edu>
Date:   Wed Oct 24 15:11:54 2018 -0500

    player pages link to home/splash page. added stadium images. updated template for teams.html added

 static/images/ah.jpg     | Bin 0 -> 119054 bytes
 static/images/att.jpg    | Bin 0 -> 284251 bytes
 static/images/ba.jpg     | Bin 0 -> 284251 bytes
 static/images/bs.jpg     | Bin 0 -> 620395 bytes
 static/images/cl.jpg     | Bin 0 -> 293666 bytes
 static/images/fed.jpg    | Bin 0 -> 105410 bytes
 static/images/ff.jpg     | Bin 0 -> 105410 bytes
 static/images/gs.jpg     | Bin 0 -> 317479 bytes
 static/images/hf.jpg     | Bin 0 -> 613494 bytes
 static/images/lamc.jpg   | Bin 0 -> 13015 bytes
 static/images/lo.jpg     | Bin 0 -> 613494 bytes
 static/images/ls.jpg     | Bin 0 -> 214738 bytes
 static/images/ne.jpg     | Bin 0 -> 90016 bytes
 static/images/pb.jpg     | Bin 0 -> 20092 bytes
 static/images/sfb.jpg    | Bin 0 -> 46618 bytes
 static/images/sh.jpg     | Bin 0 -> 1681105 bytes
 static/images/sports.jpg | Bin 0 -> 119054 bytes
 static/images/tiaa.jpg   | Bin 0 -> 263213 bytes
 static/images/us.jpg     | Bin 0 -> 261062 bytes
 templates/barner.html    |   6 +-
 templates/brady.html     |   6 +-
 templates/hoyer.html     |   6 +-
 templates/teams.html     | 965 ++++++++++++++++++++++++++++-------------------
 23 files changed, 591 insertions(+), 392 deletions(-)

commit 7201428f9f0347577a3d6be21bbd3690a353a4db
Merge: 1a5e8b9 495303f
Author: Jerry Han <jayh511ster@gmail.com>
Date:   Wed Oct 24 13:15:31 2018 -0500

    Merge branch 'dev' of https://gitlab.com/jayh511/cs329e-idb into dev

commit 1a5e8b90c9c528c9ca3636bed94c3221e69e7653
Author: Jerry Han <jayh511ster@gmail.com>
Date:   Wed Oct 24 13:15:21 2018 -0500

    adding game files

 templates/brady.html | 8 ++++----
 1 file changed, 4 insertions(+), 4 deletions(-)

commit 6c6c492eae0175e7a7f47252face75cbda218da6
Author: tuckerar <tuckera@cs.utexas.edu>
Date:   Wed Oct 24 12:29:26 2018 -0500

    added images amber, barner, brady, hoyer

 static/images/amber.jpg  | Bin 0 -> 819023 bytes
 static/images/barner.jpg | Bin 0 -> 26311 bytes
 static/images/brady.jpg  | Bin 0 -> 88020 bytes
 static/images/hoyer.jpg  | Bin 0 -> 30483 bytes
 4 files changed, 0 insertions(+), 0 deletions(-)

commit 495303f8a58a6193facd982cf7abd8745ea4e48a
Author: tuckerar <tuckera@cs.utexas.edu>
Date:   Wed Oct 24 12:25:33 2018 -0500

    added path to packers in mainfile.py

 mainfile.py | 5 +++++
 1 file changed, 5 insertions(+)

commit ff554d18433793d2e213e1c30d0a772de536e29c
Author: Amber Tucker <tuckera@cs.utexas.edu>
Date:   Wed Oct 24 11:33:49 2018 -0500

    Added team pages (cowboys, packers, patriots). Added route to home/splash page

 mainfile.py             | 15 ++++++++
 templates/brady.html    |  2 +-
 templates/cowboys.html  | 91 +++++++++++++++++++++++++++++++++++++++++++++++++
 templates/packers.html  | 91 +++++++++++++++++++++++++++++++++++++++++++++++++
 templates/patriots.html |  8 +++--
 5 files changed, 204 insertions(+), 3 deletions(-)

commit d508a36fd15a66f7cbeec4b683ca3328a9544904
Author: Amber Tucker <tucker.amber.r@gmail.com>
Date:   Wed Oct 24 16:08:32 2018 +0000

    Replace teams.html with Jerry's more recent version in master branch.

 templates/teams.html | 32 ++++++++++++++++++++++++++++++++
 1 file changed, 32 insertions(+)

commit bb79de42f570d287edfee37da59bdae8e8fea95a
Author: Amber Tucker <tuckera@cs.utexas.edu>
Date:   Wed Oct 24 10:37:31 2018 -0500

    created patriots.html, linked player pages to patriots page

 mainfile.py             |  5 +++
 templates/barner.html   |  2 +-
 templates/brady.html    |  2 +-
 templates/hoyer.html    |  2 +-
 templates/patriots.html | 87 +++++++++++++++++++++++++++++++++++++++++++++++++
 5 files changed, 95 insertions(+), 3 deletions(-)

commit 247096a6321acd4fb2c342f2ad1c02373d266546
Author: Jerry Han <jayh511ster@gmail.com>
Date:   Wed Oct 24 10:32:38 2018 -0500

    Adding Games1.html, game2.html, game.html3

 mainfile.py          |  13 ++++++-
 templates/brady.html |   4 +-
 templates/game1.html | 108 +++++++++++++++++++++++++++++++++++++++++++++++++++
 templates/game2.html | 108 +++++++++++++++++++++++++++++++++++++++++++++++++++
 templates/game3.html | 108 +++++++++++++++++++++++++++++++++++++++++++++++++++
 templates/weeks.html |   8 ++--
 6 files changed, 342 insertions(+), 7 deletions(-)

commit 87bffb60da9c0992ffd1f0ec7822f015f6e04773
Author: Amber Tucker <tuckera@cs.utexas.edu>
Date:   Wed Oct 24 10:21:26 2018 -0500

    removed broken link to splash page

 templates/barner.html | 4 ++--
 templates/brady.html  | 4 ++--
 templates/hoyer.html  | 4 ++--
 3 files changed, 6 insertions(+), 6 deletions(-)

commit 9beeeb52e1d470f8ec1f02b79d780fe9d79b56a9
Author: Amber Tucker <tucker.amber.r@gmail.com>
Date:   Wed Oct 24 14:55:07 2018 +0000

    Revert brady.html to previous version.

 templates/brady.html | 474 ++++++++++-----------------------------------------
 1 file changed, 91 insertions(+), 383 deletions(-)

commit 523f321ae7b0f6820adc8f5ef61de4a9e6080865
Author: Jerry Han <jayh511ster@gmail.com>
Date:   Wed Oct 24 07:44:28 2018 -0500

    changes to report and teams.html

 main.py              |  34 -----
 main1.py             |  15 --
 main2.py             |  17 ---
 report.docx          | Bin 17610 -> 17970 bytes
 templates/book.html  |  12 --
 templates/brady.html | 400 ++++++++++++++++++++++++++++++++++++++++++++-------
 templates/hello.html |  10 --
 templates/weeks.html |   2 +-
 8 files changed, 347 insertions(+), 143 deletions(-)

commit 632068bffa7687bdcf2cd8801651a3d45cd069ab
Author: Amber Tucker <tuckera@cs.utexas.edu>
Date:   Tue Oct 23 23:04:54 2018 -0500

    linked players.html to player pages (brady.html, hoyer.html, barner.html) and added paths in mainfile.py

 mainfile.py              |  15 ++++++++
 static/images/barner.jpg | Bin 0 -> 30483 bytes
 static/images/brady.jpg  | Bin 0 -> 88020 bytes
 static/images/hoyer.jpg  | Bin 0 -> 30483 bytes
 templates/barner.html    |  91 +++++++++++++++++++++++++++++++++++++++++++++++
 templates/brady.html     |  91 +++++++++++++++++++++++++++++++++++++++++++++++
 templates/hoyer.html     |  91 +++++++++++++++++++++++++++++++++++++++++++++++
 templates/players.html   |   6 ++--
 8 files changed, 291 insertions(+), 3 deletions(-)

commit ca707a481a86b02357c746a6a032fe0e815c9765
Author: Amber Tucker <tuckera@cs.utexas.edu>
Date:   Tue Oct 23 20:40:52 2018 -0500

    Removed player stats from players.html

 templates/players.html | 443 +++++++++++++++++++------------------------------
 1 file changed, 168 insertions(+), 275 deletions(-)

commit 32f1c9780bcf8bce4e4b45bdd5223bcae114e123
Merge: 3300244 bc2c9a3
Author: Amber Tucker <tuckera@cs.utexas.edu>
Date:   Tue Oct 23 19:22:19 2018 -0500

    Merge branch 'dev' of https://gitlab.com/jayh511/cs329e-idb into dev

commit 3300244d06942198f859454ea508e0d0851d1a75
Author: Amber Tucker <tuckera@cs.utexas.edu>
Date:   Tue Oct 23 19:17:58 2018 -0500

    pushed update report to dev

 report.docx | Bin 0 -> 17610 bytes
 1 file changed, 0 insertions(+), 0 deletions(-)

commit bc2c9a36a697b8df2b496270c3cb11d910091000
Author: Jerry Han <jayh511ster@gmail.com>
Date:   Tue Oct 23 17:41:37 2018 -0500

    adding app.yaml

 app.yaml | 17 +++++++++++++++++
 1 file changed, 17 insertions(+)

commit 02242c360e73b55584e596d22aa133f05f39fc30
Merge: ed7d593 731da98
Author: Jerry Han <jayh511ster@gmail.com>
Date:   Tue Oct 23 17:39:18 2018 -0500

    Merge branch 'dev' of https://gitlab.com/jayh511/cs329e-idb into dev

commit ed7d5937ba108a6da3a0ecfa4f3d15ed162d04d8
Author: Jerry Han <jayh511ster@gmail.com>
Date:   Tue Oct 23 17:38:07 2018 -0500

    adding files: requirements.txt, .yaml

 requirements.txt | 2 ++
 1 file changed, 2 insertions(+)

commit cd74593b410a117361c82dd99af94c50cff1a5c1
Author: Jerry Han <jayh511ster@gmail.com>
Date:   Tue Oct 23 17:00:35 2018 -0500

    changes to app.yaml

 app.yaml               |  18 +++++++++++++++++-
 static/images/ah.jpg   | Bin 0 -> 119054 bytes
 static/images/att.jpg  | Bin 0 -> 186564 bytes
 static/images/ba.jpg   | Bin 0 -> 284251 bytes
 static/images/bs.jpg   | Bin 0 -> 620395 bytes
 static/images/cl.jpg   | Bin 0 -> 293666 bytes
 static/images/fe.jpeg  | Bin 0 -> 71622 bytes
 static/images/fed.jpg  | Bin 0 -> 75210 bytes
 static/images/ff.jpg   | Bin 0 -> 105410 bytes
 static/images/gs.jpg   | Bin 0 -> 317479 bytes
 static/images/hf.jpg   | Bin 0 -> 613494 bytes
 static/images/hr.png   | Bin 0 -> 346764 bytes
 static/images/lamc.jpg | Bin 0 -> 13015 bytes
 static/images/lf.jpg   | Bin 0 -> 143589 bytes
 static/images/lff.jpg  | Bin 0 -> 15133 bytes
 static/images/lo.jpg   | Bin 0 -> 1625672 bytes
 static/images/ls.jpg   | Bin 0 -> 137643 bytes
 static/images/mb.jpg   | Bin 0 -> 214738 bytes
 static/images/mbs.jpg  | Bin 0 -> 39281 bytes
 static/images/ml.jpg   | Bin 0 -> 10313 bytes
 static/images/mt.jpg   | Bin 0 -> 150876 bytes
 static/images/ne.jpg   | Bin 0 -> 45904 bytes
 static/images/nrg.jpg  | Bin 0 -> 90016 bytes
 static/images/ns.jpg   | Bin 0 -> 271373 bytes
 static/images/oa.JPG   | Bin 0 -> 19267 bytes
 static/images/pb.jpg   | Bin 0 -> 880921 bytes
 static/images/rj.jpg   | Bin 0 -> 20092 bytes
 static/images/sf.jpg   | Bin 0 -> 66319 bytes
 static/images/sfb.jpg  | Bin 0 -> 46618 bytes
 static/images/sh.jpg   | Bin 0 -> 1681105 bytes
 static/images/tiaa.jpg | Bin 0 -> 263213 bytes
 static/images/us.jpg   | Bin 0 -> 261062 bytes
 templates/teams.html   |  32 ++++++++++++++++++++++++++++++++
 33 files changed, 49 insertions(+), 1 deletion(-)

commit c201a4a7169d90e32ef303b3a275bb200ad9eb28
Author: Jerry Han <jayh511ster@gmail.com>
Date:   Tue Oct 23 15:49:38 2018 -0500

    adding report

 report.docx | Bin 0 -> 13727 bytes
 1 file changed, 0 insertions(+), 0 deletions(-)

commit 731da982253b926d5d271d16a257168afa301a93
Author: Amber Tucker <tuckera@cs.utexas.edu>
Date:   Tue Oct 23 15:48:19 2018 -0500

    altered images on about.html

 static/images/amber.jpg | Bin 0 -> 819023 bytes
 templates/about.html    |  42 ++++++++++++++++++++++++++++++------------
 2 files changed, 30 insertions(+), 12 deletions(-)

commit c4e436f958b9422a4d1f2d521b7481f7482e2596
Author: Jerry Han <jayh511ster@gmail.com>
Date:   Tue Oct 23 15:08:09 2018 -0500

    adding app.yaml

 app.yaml | 1 +
 1 file changed, 1 insertion(+)

commit 914109bd10c4b1ffefe353b65bbca93fa0bee895
Author: Amber Tucker <tuckera@cs.utexas.edu>
Date:   Tue Oct 23 14:49:07 2018 -0500

    altered about.html

 templates/about.html | 248 ++++++++++++++++++++++++---------------------------
 1 file changed, 116 insertions(+), 132 deletions(-)

commit 1eea9bc111dcfd41ab3b1c410def965c1578cc85
Author: Amber Tucker <tucker.amber.r@gmail.com>
Date:   Tue Oct 23 17:40:48 2018 +0000

    Delete splash.html

 splash.html | 86 -------------------------------------------------------------
 1 file changed, 86 deletions(-)

commit 7a3edb52b9aeb7f844488525d0c45a988e87c44a
Author: Jerry Han <jayh511ster@gmail.com>
Date:   Mon Oct 22 16:39:09 2018 -0500

    about.html

 templates/about.html | 19 ++++++++++++-------
 1 file changed, 12 insertions(+), 7 deletions(-)

commit a144a183cec8e33be2519c930b06e1f4e2f829ed
Author: Jerry Han <jayh511ster@gmail.com>
Date:   Mon Oct 22 16:11:28 2018 -0500

    Changes to About page

 templates/about.html | 59 +++++++++++++++++++++++++++++++++++++++++++++++-----
 1 file changed, 54 insertions(+), 5 deletions(-)

commit aac7ba4440fd7f68294c1c118d06167dbf96ee00
Author: Jerry Han <jayh511ster@gmail.com>
Date:   Mon Oct 22 14:17:52 2018 -0500

    adding about page

 mainfile.py             |  10 ++++--
 static/images/jerry.jpg | Bin 0 -> 1936597 bytes
 templates/about.html    |  90 ++++++++++++++++++++++++++++++++++++++++++++++++
 templates/players.html  |   3 ++
 templates/splash.html   |   3 ++
 templates/teams.html    |   3 ++
 templates/weeks.html    |   3 ++
 7 files changed, 109 insertions(+), 3 deletions(-)

commit 324825dcc1b56de996a8e6f05cc3bcfa4a79967f
Author: Jerry Han <jayh511ster@gmail.com>
Date:   Mon Oct 22 10:31:43 2018 -0500

    changes

 mainfile.py              |  17 +----------------
 static/images/Sports.jpg | Bin 0 -> 99731 bytes
 templates/players.html   |   6 +++---
 templates/teams.html     |  26 ++++++++++++++++++++++++++
 templates/weeks.html     |   5 +++--
 5 files changed, 33 insertions(+), 21 deletions(-)

commit ee21227679a77b6bb29742636ceeba0b27d0f03b
Merge: 8d4594a bf55808
Author: Jerry Han <jayh511ster@gmail.com>
Date:   Mon Oct 22 03:46:30 2018 -0500

    adding teams/player

commit 8d4594a8ea59f4f932aedd7e96f15528e63cf054
Author: Jerry Han <jayh511ster@gmail.com>
Date:   Mon Oct 22 03:43:31 2018 -0500

    adding weeks.html

 mainfile.py                  |  18 +-
 static/images/49ers.png      | Bin 0 -> 3219 bytes
 static/images/Falcons.png    | Bin 0 -> 3242 bytes
 static/images/bears.png      | Bin 0 -> 2723 bytes
 static/images/bengals.png    | Bin 0 -> 2272 bytes
 static/images/bills.png      | Bin 0 -> 2317 bytes
 static/images/broncos.png    | Bin 0 -> 2470 bytes
 static/images/browns.png     | Bin 0 -> 3401 bytes
 static/images/buccaneers.png | Bin 0 -> 3596 bytes
 static/images/cardinals.png  | Bin 0 -> 2902 bytes
 static/images/chargers.png   | Bin 0 -> 2259 bytes
 static/images/colts.png      | Bin 0 -> 2774 bytes
 static/images/cowboys.png    | Bin 0 -> 2271 bytes
 static/images/dolphins.png   | Bin 0 -> 2999 bytes
 static/images/eagles.png     | Bin 0 -> 3109 bytes
 static/images/jaguars.png    | Bin 0 -> 4547 bytes
 static/images/jets.png       | Bin 0 -> 2519 bytes
 static/images/kc.png         | Bin 0 -> 2550 bytes
 static/images/lions.png      | Bin 0 -> 2803 bytes
 static/images/ny.png         | Bin 0 -> 1744 bytes
 static/images/packers.png    | Bin 0 -> 2589 bytes
 static/images/panthers.png   | Bin 0 -> 2389 bytes
 static/images/patriots.png   | Bin 0 -> 1766 bytes
 static/images/raiders.png    | Bin 0 -> 3154 bytes
 static/images/rams.png       | Bin 0 -> 2737 bytes
 static/images/ravens.png     | Bin 0 -> 2468 bytes
 static/images/redskins.png   | Bin 0 -> 3888 bytes
 static/images/saints.png     | Bin 0 -> 2981 bytes
 static/images/seahawks.png   | Bin 0 -> 1683 bytes
 static/images/steelers.png   | Bin 0 -> 3710 bytes
 static/images/texans.png     | Bin 0 -> 2653 bytes
 static/images/titans.png     | Bin 0 -> 3425 bytes
 static/images/tom.png        | Bin 103119 -> 0 bytes
 static/images/vikings.png    | Bin 0 -> 3201 bytes
 templates/first_page.html    |  54 ------
 templates/splash.html        |   6 +-
 templates/weeks.html         | 407 +++++++++++++++++++++++++++++++++++++++++++
 37 files changed, 420 insertions(+), 65 deletions(-)

commit bf55808fe8a2f87c3f150209d0c009c4a8fdb3f8
Author: Amber Tucker <tuckera@cs.utexas.edu>
Date:   Sun Oct 21 22:03:17 2018 -0500

    Added players.html, updated mainfile.py

 mainfile.py            |  14 +-
 templates/players.html | 388 +++++++++++++++++++++++++++++++++++++++++++++++++
 2 files changed, 399 insertions(+), 3 deletions(-)

commit a7bb6f23955b2e75456b80141bf81c5d7caa3036
Author: Dan Tran <Dan@Dans-MacBook-Air.local>
Date:   Sun Oct 21 21:06:24 2018 -0500

    add owners

 templates/teams.html | 50 +++++++++++++++++++++++++-------------------------
 1 file changed, 25 insertions(+), 25 deletions(-)

commit a95eb3eae82088a02791c13431646c1cb8d98859
Author: Dan Tran <Dan@wireless-10-145-22-90.public.utexas.edu>
Date:   Sun Oct 21 19:32:40 2018 -0500

    add teams page

 mainfile.py          |  14 +--
 templates/teams.html | 322 +++++++++++++++++++++++++++++++++++++++++++++++++++
 2 files changed, 329 insertions(+), 7 deletions(-)

commit 1890c3e8ad2dd9acec10c2fc454cabb7cf40af82
Merge: cffc0c4 289cabe
Author: Jerry Han <jayh511ster@gmail.com>
Date:   Sun Oct 21 18:15:30 2018 -0500

    Merge branch 'dev' of https://gitlab.com/jayh511/cs329e-idb into dev

commit cffc0c48c2fee61c12edcc0a382561a8e95b0336
Author: Jerry Han <jayh511ster@gmail.com>
Date:   Sun Oct 21 18:15:13 2018 -0500

    adding

 templates/first_page.html | 34 ++++++++++++++++------------------
 1 file changed, 16 insertions(+), 18 deletions(-)

commit 289cabed69c3793fcdcd224995fe755797d3b710
Author: Amber Tucker <tuckera@cs.utexas.edu>
Date:   Sun Oct 21 17:48:45 2018 -0500

    Added Splash page and images

 splash.html                       |  86 ++++++++++++++++++++++++++++++++++++++
 static/images/bearsPackers.jpg    | Bin 0 -> 69601 bytes
 static/images/footballOnField.jpg | Bin 0 -> 1843395 bytes
 static/images/logo.png            | Bin 0 -> 9195 bytes
 static/images/pileUp.jpg          | Bin 0 -> 1317505 bytes
 static/images/tomBrady.jpg        | Bin 0 -> 297926 bytes
 templates/splash.html             |  78 ++++++++++++++++++++++++++++++++++
 7 files changed, 164 insertions(+)

commit b5de74ce89ba26f931ff227c730c1fc39b79940d
Author: Jerry Han <jayh511ster@gmail.com>
Date:   Sun Oct 21 17:26:38 2018 -0500

    adding static folders

 static/css/Readme.txt | 0
 static/js/Readme.txt  | 0
 2 files changed, 0 insertions(+), 0 deletions(-)

commit 56ba4bf6d2d82696ea2172daac828456a352b7d5
Author: Jerry Han <jayh511ster@gmail.com>
Date:   Sun Oct 21 17:25:07 2018 -0500

     adding tom

 static/images/tom.png | Bin 0 -> 103119 bytes
 1 file changed, 0 insertions(+), 0 deletions(-)

commit 269110b0ccd4df6b26a7aebba988c3467d924db3
Author: Jerry Han <jayh511ster@gmail.com>
Date:   Sun Oct 21 17:20:44 2018 -0500

    adding stuff

 templates/first_page.html | 2 +-
 1 file changed, 1 insertion(+), 1 deletion(-)

commit 3cbfec591d3f7cf8d7b81ddcd99fa177425e745b
Author: Jerry Han <jayh511ster@gmail.com>
Date:   Sun Oct 21 17:06:10 2018 -0500

    adding files to git

 .gitignore                |  1 +
 main.py                   | 34 ++++++++++++++++++++++++++++
 main1.py                  | 15 +++++++++++++
 main2.py                  | 17 ++++++++++++++
 mainfile.py               | 23 +++++++++++++++++++
 templates/book.html       | 12 ++++++++++
 templates/first_page.html | 56 +++++++++++++++++++++++++++++++++++++++++++++++
 templates/hello.html      | 10 +++++++++
 8 files changed, 168 insertions(+)

commit d7b0036405a9ce5a4e7ab3fe198c04c7388f4168
Author: Jerry Han <jayhan@utexas.edu>
Date:   Fri Oct 19 20:29:30 2018 +0000

    Initial commit

 README.md | 3 +++
 1 file changed, 3 insertions(+)
