commit 755ab6152c07d032e62648696758db7c22ee7a0a
Author: Jerry Han <jayh511ster@gmail.com>
Date:   Fri Nov 9 22:38:05 2018 -0600

    changes to app.yaml and models.py

commit c9ef6132fbbf8efeeb3230a2e468048b1e12f775
Author: Jerry Han <jayh511ster@gmail.com>
Date:   Fri Nov 9 20:56:41 2018 -0600

    app.yaml

commit 9e68b4910d5eea18ed4b7197887908e693d404f2
Author: Jerry Han <jayh511ster@gmail.com>
Date:   Fri Nov 9 20:32:41 2018 -0600

    change to app.yaml

commit fedff24bfb7571c2f978d6e493de2fb608b365d6
Author: Jerry Han <jayh511ster@gmail.com>
Date:   Fri Nov 9 20:28:43 2018 -0600

    change to app.yaml

commit cb94c758eb79bcf4f602f50e9bbc16be6cc65c8e
Author: Jerry Han <jayh511ster@gmail.com>
Date:   Fri Nov 9 20:24:25 2018 -0600

    changes to app.yaml

commit f5bddf43cdbfa7d3e87613ae659504d7b1127623
Author: Jerry Han <jayh511ster@gmail.com>
Date:   Fri Nov 9 19:58:31 2018 -0600

    adding

commit 058ff8cc6deb3ce2f173f3288725c08b9a06f228
Author: Jerry Han <jayh511ster@gmail.com>
Date:   Fri Nov 9 19:50:54 2018 -0600

     changes to models.py

commit 73beef521ff1272dbb2d0efe2bafa06991cd39d0
Author: Jerry Han <jayh511ster@gmail.com>
Date:   Fri Nov 9 19:48:53 2018 -0600

     changes to models.py

commit fb8f1e0785d171a617a5887eb5d7020f023a1b18
Author: Jerry Han <jayh511ster@gmail.com>
Date:   Fri Nov 9 19:33:21 2018 -0600

    changes to requirements.txt

commit 55ca90068137ef36d4d7490836502c8bee485415
Author: Jerry Han <jayh511ster@gmail.com>
Date:   Fri Nov 9 19:28:43 2018 -0600

    revert back to old changes

commit e3a664281e2f576bcceb66e20bc450f757becc3c
Author: Jerry Han <jayh511ster@gmail.com>
Date:   Fri Nov 9 19:25:13 2018 -0600

    revert back to old changes

commit 3e3f7e7701379a6a2eaebbd13a396c2708d64981
Author: Jerry Han <jayh511ster@gmail.com>
Date:   Fri Nov 9 19:15:10 2018 -0600

    revert back to old changes

commit b49d35af2452ac9ef570d7673f254c7c3df0e6a9
Author: Jerry Han <jayh511ster@gmail.com>
Date:   Fri Nov 9 19:10:37 2018 -0600

    changes to model.py

commit 660678f9961e6b61645362741e191480c465028c
Author: Jerry Han <jayh511ster@gmail.com>
Date:   Fri Nov 9 19:08:07 2018 -0600

    changes to app.yml

commit 4519067d6323a3d64f4d6adf9d0a88dc19996ffd
Author: Jerry Han <jayh511ster@gmail.com>
Date:   Fri Nov 9 19:06:41 2018 -0600

     asd

commit 7d7ffe3d5f87342c540deab68cc5b816eea5e233
Author: Jerry Han <jayh511ster@gmail.com>
Date:   Fri Nov 9 19:01:18 2018 -0600

    changes to app.yml

commit 757fc1c57db146e4733cb51272601f85275a2931
Author: Jerry Han <jayh511ster@gmail.com>
Date:   Fri Nov 9 18:53:21 2018 -0600

     changes to app.yaml

commit 599f95d7d9e200eafc010126c8b33ec68818a6ce
Author: Jerry Han <jayh511ster@gmail.com>
Date:   Fri Nov 9 17:46:05 2018 -0600

    change to app.ymal

commit f953bc4789708a3e576413a0d2c17373b258d1d5
Author: Jerry Han <jayh511ster@gmail.com>
Date:   Fri Nov 9 17:37:41 2018 -0600

    change to app.ymal

commit 9ca4178135fddfd2a8ca096076195fb2f344cd5a
Author: Jerry Han <jayh511ster@gmail.com>
Date:   Fri Nov 9 17:25:53 2018 -0600

    changes to models.py

commit 9dc3c1a0e4af818d3770220fb96e4e27a865c850
Author: Jerry Han <jayh511ster@gmail.com>
Date:   Fri Nov 9 17:21:37 2018 -0600

    correct db address on app.yaml

commit f7587b724b2bed55736ffe36e7e37efcc2d590ad
Author: Jerry Han <jayh511ster@gmail.com>
Date:   Fri Nov 9 16:46:47 2018 -0600

    changes to app.yaml

commit 1fa0ecd20c1f55be302695f59cb8d39986c0885f
Author: Jerry Han <jayh511ster@gmail.com>
Date:   Fri Nov 9 16:44:06 2018 -0600

    back to past changes on mainfile.py

commit f9fed75db1d945566f9aa157faee0821aa77d650
Author: tuckerar <tucker.amber.r@gmail.com>
Date:   Fri Nov 9 15:11:33 2018 -0600

    corrections

commit c854b21154029df7668f25a8270ce24056ace0b3
Author: tuckerar <tucker.amber.r@gmail.com>
Date:   Fri Nov 9 14:47:47 2018 -0600

    code corrected

commit f09987729efe141722516d5973d689a420d23f4c
Author: tuckerar <tucker.amber.r@gmail.com>
Date:   Fri Nov 9 14:40:16 2018 -0600

    code correction

commit 4126f84b2db4030b0d546820782b3f4cca86ef16
Author: tuckerar <tuckera@cs.utexas.edu>
Date:   Fri Nov 9 14:35:37 2018 -0600

    code correction

commit 8d8eb6c4e39f00591b8b3bbd18a840fb147de2a8
Author: tuckerar <tuckera@cs.utexas.edu>
Date:   Fri Nov 9 14:33:11 2018 -0600

    code correction

commit 7f7d1f768a8a630d39a58e0255354a1b4446ae71
Author: tuckerar <tuckera@cs.utexas.edu>
Date:   Fri Nov 9 14:31:00 2018 -0600

    added pagination to teams.html

commit 2f71caa407b89b88b8f4c0f6d88b53f887fb9f09
Author: Jerry Han <jayh511ster@gmail.com>
Date:   Fri Nov 9 11:02:05 2018 -0600

    updates to unittest

commit c3ea1130956a5b99932d4944ea9100afdc778a97
Author: Jerry Han <jayh511ster@gmail.com>
Date:   Fri Nov 9 05:34:24 2018 -0600

    changes to unit test

commit 6f7c14deadfae7865fc10877f20f7762663b0228
Author: Jerry Han <jayh511ster@gmail.com>
Date:   Fri Nov 9 02:51:46 2018 -0600

    changes to unit test

commit fa061bb6654300057be938770bcc8d65db1a8d4a
Author: Jerry Han <jayh511ster@gmail.com>
Date:   Fri Nov 9 02:48:53 2018 -0600

    trying to resolve typerror

commit 0c64cdf84b83c5dddebb050898625e78c1eb98f2
Author: Jerry Han <jayh511ster@gmail.com>
Date:   Fri Nov 9 02:42:29 2018 -0600

    changes to mainfile.py

commit ad639768bcd97b3350446e845addf9efa7da84a8
Author: Jerry Han <jayh511ster@gmail.com>
Date:   Fri Nov 9 02:30:10 2018 -0600

    changes to models.py

commit 643a5de08481d08acd0d15cc9b99666f62745c16
Author: Jerry Han <jayh511ster@gmail.com>
Date:   Fri Nov 9 02:26:00 2018 -0600

    changes to unit test

commit 5f2a11447b8b0465de37bc30a197ba8c0f773821
Author: Jerry Han <jayh511ster@gmail.com>
Date:   Fri Nov 9 02:20:39 2018 -0600

    finished back end and front end of website

commit f8e4eda698155d79eed0e42344d92565eb74c6b8
Author: Jerry Han <jayh511ster@gmail.com>
Date:   Thu Nov 8 21:33:44 2018 -0600

    changes to requirements.txt

commit 8e3784becc872a0c24af1187fd5abc463bba78f5
Author: Jerry Han <jayh511ster@gmail.com>
Date:   Thu Nov 8 21:31:39 2018 -0600

    changes to gamepage

commit e9c6cec5ff5fd313e46c6af1279ed23c23360d6d
Author: Jerry Han <jayh511ster@gmail.com>
Date:   Thu Nov 8 16:20:16 2018 -0600

    changes to mainfile and related files

commit 32fac1403716262ba205696333851a79e42db036
Author: Jerry Han <jayh511ster@gmail.com>
Date:   Thu Nov 8 15:31:32 2018 -0600

    happy

commit 4d3fd7d62de558124448b5db3106cc7b09544c51
Author: Jerry Han <jayh511ster@gmail.com>
Date:   Thu Nov 8 15:16:40 2018 -0600

    adding

commit 0f4ebc750c63c0dea01ad57a94926800447cbf94
Author: Jerry Han <jayh511ster@gmail.com>
Date:   Wed Nov 7 13:47:01 2018 -0600

    changes to gitlab ci

commit 8fa8be757e6b5f3f2dc66a1c9388ad69c3a3a5d6
Author: Jerry Han <jayh511ster@gmail.com>
Date:   Wed Nov 7 13:38:57 2018 -0600

     changes made to mainfile.py and players

commit 585613ed39012ef632c9461f68276f6261ad7f89
Author: Jerry Han <jayh511ster@gmail.com>
Date:   Wed Nov 7 03:15:24 2018 -0600

    changed player to players on test.py

commit fb6d5bc9e465b4cc3f6ef84a5ab88cc06e11bb40
Author: Jerry Han <jayh511ster@gmail.com>
Date:   Wed Nov 7 03:13:18 2018 -0600

    made changes to test.py

commit 555096d0c2480c5e0c93789fb7cfdad18e9774e9
Author: Jerry Han <jayh511ster@gmail.com>
Date:   Wed Nov 7 03:09:32 2018 -0600

    adding missing test.py file

commit 72c57cce10fd6f208650b631f71995f523daf045
Author: Jerry Han <jayh511ster@gmail.com>
Date:   Wed Nov 7 03:03:25 2018 -0600

    changes made to requirements.txt

commit d24bc381003cc1a0b1987eeae43b28d4a9a6ec41
Author: Jerry Han <jayh511ster@gmail.com>
Date:   Wed Nov 7 02:55:45 2018 -0600

    checking db on git CI

commit a06a03d76669ac40933972e08b6d2cc6a80d356e
Merge: 95cda42 6c6c492
Author: Jerry Han <jayh511ster@gmail.com>
Date:   Wed Oct 24 16:48:58 2018 -0500

    adding sports image

commit 95cda420102e102b00b3949288060ecf3732b977
Merge: cd74593 8c89443
Author: Jerry Han <jayh511ster@gmail.com>
Date:   Wed Oct 24 16:45:39 2018 -0500

    adding images

commit 8c894432b339c988f5f8715259bdf882e70f1be9
Author: Jerry Han <jayh511ster@gmail.com>
Date:   Wed Oct 24 16:41:07 2018 -0500

    changes

commit 3e47229a87fb29d4db07926ca720daa69380d05c
Author: tuckerar <tuckera@cs.utexas.edu>
Date:   Wed Oct 24 15:34:45 2018 -0500

    link about, teams, and weeks to home page

commit 11d751d5899bcfe158a5fd5672225093d463be73
Author: tuckerar <tuckera@cs.utexas.edu>
Date:   Wed Oct 24 15:11:54 2018 -0500

    player pages link to home/splash page. added stadium images. updated template for teams.html added

commit 7201428f9f0347577a3d6be21bbd3690a353a4db
Merge: 1a5e8b9 495303f
Author: Jerry Han <jayh511ster@gmail.com>
Date:   Wed Oct 24 13:15:31 2018 -0500

    Merge branch 'dev' of https://gitlab.com/jayh511/cs329e-idb into dev

commit 1a5e8b90c9c528c9ca3636bed94c3221e69e7653
Author: Jerry Han <jayh511ster@gmail.com>
Date:   Wed Oct 24 13:15:21 2018 -0500

    adding game files

commit 6c6c492eae0175e7a7f47252face75cbda218da6
Author: tuckerar <tuckera@cs.utexas.edu>
Date:   Wed Oct 24 12:29:26 2018 -0500

    added images amber, barner, brady, hoyer

commit 495303f8a58a6193facd982cf7abd8745ea4e48a
Author: tuckerar <tuckera@cs.utexas.edu>
Date:   Wed Oct 24 12:25:33 2018 -0500

    added path to packers in mainfile.py

commit ff554d18433793d2e213e1c30d0a772de536e29c
Author: Amber Tucker <tuckera@cs.utexas.edu>
Date:   Wed Oct 24 11:33:49 2018 -0500

    Added team pages (cowboys, packers, patriots). Added route to home/splash page

commit d508a36fd15a66f7cbeec4b683ca3328a9544904
Author: Amber Tucker <tucker.amber.r@gmail.com>
Date:   Wed Oct 24 16:08:32 2018 +0000

    Replace teams.html with Jerry's more recent version in master branch.

commit bb79de42f570d287edfee37da59bdae8e8fea95a
Author: Amber Tucker <tuckera@cs.utexas.edu>
Date:   Wed Oct 24 10:37:31 2018 -0500

    created patriots.html, linked player pages to patriots page

commit 247096a6321acd4fb2c342f2ad1c02373d266546
Author: Jerry Han <jayh511ster@gmail.com>
Date:   Wed Oct 24 10:32:38 2018 -0500

    Adding Games1.html, game2.html, game.html3

commit 87bffb60da9c0992ffd1f0ec7822f015f6e04773
Author: Amber Tucker <tuckera@cs.utexas.edu>
Date:   Wed Oct 24 10:21:26 2018 -0500

    removed broken link to splash page

commit 9beeeb52e1d470f8ec1f02b79d780fe9d79b56a9
Author: Amber Tucker <tucker.amber.r@gmail.com>
Date:   Wed Oct 24 14:55:07 2018 +0000

    Revert brady.html to previous version.

commit 523f321ae7b0f6820adc8f5ef61de4a9e6080865
Author: Jerry Han <jayh511ster@gmail.com>
Date:   Wed Oct 24 07:44:28 2018 -0500

    changes to report and teams.html

commit 632068bffa7687bdcf2cd8801651a3d45cd069ab
Author: Amber Tucker <tuckera@cs.utexas.edu>
Date:   Tue Oct 23 23:04:54 2018 -0500

    linked players.html to player pages (brady.html, hoyer.html, barner.html) and added paths in mainfile.py

commit ca707a481a86b02357c746a6a032fe0e815c9765
Author: Amber Tucker <tuckera@cs.utexas.edu>
Date:   Tue Oct 23 20:40:52 2018 -0500

    Removed player stats from players.html

commit 32f1c9780bcf8bce4e4b45bdd5223bcae114e123
Merge: 3300244 bc2c9a3
Author: Amber Tucker <tuckera@cs.utexas.edu>
Date:   Tue Oct 23 19:22:19 2018 -0500

    Merge branch 'dev' of https://gitlab.com/jayh511/cs329e-idb into dev

commit 3300244d06942198f859454ea508e0d0851d1a75
Author: Amber Tucker <tuckera@cs.utexas.edu>
Date:   Tue Oct 23 19:17:58 2018 -0500

    pushed update report to dev

commit bc2c9a36a697b8df2b496270c3cb11d910091000
Author: Jerry Han <jayh511ster@gmail.com>
Date:   Tue Oct 23 17:41:37 2018 -0500

    adding app.yaml

commit 02242c360e73b55584e596d22aa133f05f39fc30
Merge: ed7d593 731da98
Author: Jerry Han <jayh511ster@gmail.com>
Date:   Tue Oct 23 17:39:18 2018 -0500

    Merge branch 'dev' of https://gitlab.com/jayh511/cs329e-idb into dev

commit ed7d5937ba108a6da3a0ecfa4f3d15ed162d04d8
Author: Jerry Han <jayh511ster@gmail.com>
Date:   Tue Oct 23 17:38:07 2018 -0500

    adding files: requirements.txt, .yaml

commit cd74593b410a117361c82dd99af94c50cff1a5c1
Author: Jerry Han <jayh511ster@gmail.com>
Date:   Tue Oct 23 17:00:35 2018 -0500

    changes to app.yaml

commit c201a4a7169d90e32ef303b3a275bb200ad9eb28
Author: Jerry Han <jayh511ster@gmail.com>
Date:   Tue Oct 23 15:49:38 2018 -0500

    adding report

commit 731da982253b926d5d271d16a257168afa301a93
Author: Amber Tucker <tuckera@cs.utexas.edu>
Date:   Tue Oct 23 15:48:19 2018 -0500

    altered images on about.html

commit c4e436f958b9422a4d1f2d521b7481f7482e2596
Author: Jerry Han <jayh511ster@gmail.com>
Date:   Tue Oct 23 15:08:09 2018 -0500

    adding app.yaml

commit 914109bd10c4b1ffefe353b65bbca93fa0bee895
Author: Amber Tucker <tuckera@cs.utexas.edu>
Date:   Tue Oct 23 14:49:07 2018 -0500

    altered about.html

commit 1eea9bc111dcfd41ab3b1c410def965c1578cc85
Author: Amber Tucker <tucker.amber.r@gmail.com>
Date:   Tue Oct 23 17:40:48 2018 +0000

    Delete splash.html

commit 7a3edb52b9aeb7f844488525d0c45a988e87c44a
Author: Jerry Han <jayh511ster@gmail.com>
Date:   Mon Oct 22 16:39:09 2018 -0500

    about.html

commit a144a183cec8e33be2519c930b06e1f4e2f829ed
Author: Jerry Han <jayh511ster@gmail.com>
Date:   Mon Oct 22 16:11:28 2018 -0500

    Changes to About page

commit aac7ba4440fd7f68294c1c118d06167dbf96ee00
Author: Jerry Han <jayh511ster@gmail.com>
Date:   Mon Oct 22 14:17:52 2018 -0500

    adding about page

commit 324825dcc1b56de996a8e6f05cc3bcfa4a79967f
Author: Jerry Han <jayh511ster@gmail.com>
Date:   Mon Oct 22 10:31:43 2018 -0500

    changes

commit ee21227679a77b6bb29742636ceeba0b27d0f03b
Merge: 8d4594a bf55808
Author: Jerry Han <jayh511ster@gmail.com>
Date:   Mon Oct 22 03:46:30 2018 -0500

    adding teams/player

commit 8d4594a8ea59f4f932aedd7e96f15528e63cf054
Author: Jerry Han <jayh511ster@gmail.com>
Date:   Mon Oct 22 03:43:31 2018 -0500

    adding weeks.html

commit bf55808fe8a2f87c3f150209d0c009c4a8fdb3f8
Author: Amber Tucker <tuckera@cs.utexas.edu>
Date:   Sun Oct 21 22:03:17 2018 -0500

    Added players.html, updated mainfile.py

commit a7bb6f23955b2e75456b80141bf81c5d7caa3036
Author: Dan Tran <Dan@Dans-MacBook-Air.local>
Date:   Sun Oct 21 21:06:24 2018 -0500

    add owners

commit a95eb3eae82088a02791c13431646c1cb8d98859
Author: Dan Tran <Dan@wireless-10-145-22-90.public.utexas.edu>
Date:   Sun Oct 21 19:32:40 2018 -0500

    add teams page

commit 1890c3e8ad2dd9acec10c2fc454cabb7cf40af82
Merge: cffc0c4 289cabe
Author: Jerry Han <jayh511ster@gmail.com>
Date:   Sun Oct 21 18:15:30 2018 -0500

    Merge branch 'dev' of https://gitlab.com/jayh511/cs329e-idb into dev

commit cffc0c48c2fee61c12edcc0a382561a8e95b0336
Author: Jerry Han <jayh511ster@gmail.com>
Date:   Sun Oct 21 18:15:13 2018 -0500

    adding

commit 289cabed69c3793fcdcd224995fe755797d3b710
Author: Amber Tucker <tuckera@cs.utexas.edu>
Date:   Sun Oct 21 17:48:45 2018 -0500

    Added Splash page and images

commit b5de74ce89ba26f931ff227c730c1fc39b79940d
Author: Jerry Han <jayh511ster@gmail.com>
Date:   Sun Oct 21 17:26:38 2018 -0500

    adding static folders

commit 56ba4bf6d2d82696ea2172daac828456a352b7d5
Author: Jerry Han <jayh511ster@gmail.com>
Date:   Sun Oct 21 17:25:07 2018 -0500

     adding tom

commit 269110b0ccd4df6b26a7aebba988c3467d924db3
Author: Jerry Han <jayh511ster@gmail.com>
Date:   Sun Oct 21 17:20:44 2018 -0500

    adding stuff

commit 3cbfec591d3f7cf8d7b81ddcd99fa177425e745b
Author: Jerry Han <jayh511ster@gmail.com>
Date:   Sun Oct 21 17:06:10 2018 -0500

    adding files to git

commit d7b0036405a9ce5a4e7ab3fe198c04c7388f4168
Author: Jerry Han <jayhan@utexas.edu>
Date:   Fri Oct 19 20:29:30 2018 +0000

    Initial commit
